<?xml version="1.0" encoding="UTF-8"?>
<!-- Generated by org.testng.reporters.JUnitReportReporter -->
<testsuite hostname="LAPTOP-10U52Q9I" failures="0" tests="3" name="api.test.storeTest" time="4.538" errors="0" timestamp="2023-10-08T19:52:54 SGT" skipped="0">
  <testcase classname="api.test.storeTest" name="createorder" time="1.632"/>
  <testcase classname="api.test.storeTest" name="getorder" time="1.585"/>
  <testcase classname="api.test.storeTest" name="getorderInventory" time="1.321"/>
</testsuite> <!-- api.test.storeTest -->
