<?xml version="1.0" encoding="UTF-8"?>
<!-- Generated by org.testng.reporters.JUnitReportReporter -->
<testsuite hostname="LAPTOP-10U52Q9I" failures="0" tests="4" name="api.test.userTest" time="12.296" errors="0" timestamp="2023-11-25T16:32:03 SGT" skipped="0">
  <testcase classname="api.test.userTest" name="testPostUser" time="6.223"/>
  <testcase classname="api.test.userTest" name="testGetUser" time="1.638"/>
  <testcase classname="api.test.userTest" name="test_UpdateUser" time="3.015"/>
  <testcase classname="api.test.userTest" name="testDeleteUser" time="1.420"/>
</testsuite> <!-- api.test.userTest -->
