<?xml version="1.0" encoding="UTF-8"?>
<!-- Generated by org.testng.reporters.JUnitReportReporter -->
<testsuite hostname="LAPTOP-10U52Q9I" failures="0" tests="3" name="api.test.storeTest" time="4.118" errors="0" timestamp="2023-09-24T15:02:49 SGT" skipped="0">
  <testcase classname="api.test.storeTest" name="createorder" time="1.394"/>
  <testcase classname="api.test.storeTest" name="getorder" time="1.384"/>
  <testcase classname="api.test.storeTest" name="getorderInventory" time="1.340"/>
</testsuite> <!-- api.test.storeTest -->
