<?xml version="1.0" encoding="UTF-8"?>
<!-- Generated by org.testng.reporters.JUnitReportReporter -->
<testsuite hostname="LAPTOP-10U52Q9I" failures="0" tests="4" name="api.test.userTest" time="11.592" errors="0" timestamp="2023-10-08T12:56:13 SGT" skipped="0">
  <testcase classname="api.test.userTest" name="testPostUser" time="5.163"/>
  <testcase classname="api.test.userTest" name="testGetUser" time="1.793"/>
  <testcase classname="api.test.userTest" name="test_UpdateUser" time="3.066"/>
  <testcase classname="api.test.userTest" name="testDeleteUser" time="1.570"/>
</testsuite> <!-- api.test.userTest -->
