<?xml version="1.0" encoding="UTF-8"?>
<!-- Generated by org.testng.reporters.JUnitReportReporter -->
<testsuite hostname="LAPTOP-10U52Q9I" failures="0" tests="6" name="api.test.DDTests" time="11.389" errors="0" timestamp="2023-09-24T16:20:39 SGT" skipped="0">
  <testcase classname="api.test.DDTests" name="testPostUser" time="4.534"/>
  <testcase classname="api.test.DDTests" name="testPostUser" time="1.420"/>
  <testcase classname="api.test.DDTests" name="testPostUser" time="1.406"/>
  <testcase classname="api.test.DDTests" name="testDeleteUserByName" time="1.499"/>
  <testcase classname="api.test.DDTests" name="testDeleteUserByName" time="1.254"/>
  <testcase classname="api.test.DDTests" name="testDeleteUserByName" time="1.276"/>
</testsuite> <!-- api.test.DDTests -->
