<?xml version="1.0" encoding="UTF-8"?>
<!-- Generated by org.testng.reporters.JUnitReportReporter -->
<testsuite hostname="LAPTOP-10U52Q9I" failures="0" tests="4" name="api.test.userTest" time="12.694" errors="0" timestamp="2023-10-02T22:42:45 SGT" skipped="0">
  <testcase classname="api.test.userTest" name="testPostUser" time="4.681"/>
  <testcase classname="api.test.userTest" name="testGetUser" time="3.039"/>
  <testcase classname="api.test.userTest" name="test_UpdateUser" time="3.550"/>
  <testcase classname="api.test.userTest" name="testDeleteUser" time="1.424"/>
</testsuite> <!-- api.test.userTest -->
