<?xml version="1.0" encoding="UTF-8"?>
<!-- Generated by org.testng.reporters.JUnitReportReporter -->
<testsuite hostname="LAPTOP-10U52Q9I" failures="0" tests="4" name="api.test.userTest" time="8.948" errors="0" timestamp="2024-01-08T10:18:21 SGT" skipped="0">
  <testcase classname="api.test.userTest" name="testPostUser" time="4.341"/>
  <testcase classname="api.test.userTest" name="testGetUser" time="1.224"/>
  <testcase classname="api.test.userTest" name="test_UpdateUser" time="2.296"/>
  <testcase classname="api.test.userTest" name="testDeleteUser" time="1.087"/>
</testsuite> <!-- api.test.userTest -->
