<?xml version="1.0" encoding="UTF-8"?>
<!-- Generated by org.testng.reporters.JUnitReportReporter -->
<testsuite hostname="LAPTOP-10U52Q9I" failures="0" tests="3" name="api.test.storeTest" time="8.128" errors="0" timestamp="2023-10-08T19:13:57 SGT" skipped="0">
  <testcase classname="api.test.storeTest" name="createorder" time="5.353"/>
  <testcase classname="api.test.storeTest" name="getorder" time="1.399"/>
  <testcase classname="api.test.storeTest" name="getorderInventory" time="1.376"/>
</testsuite> <!-- api.test.storeTest -->
