<?xml version="1.0" encoding="UTF-8"?>
<!-- Generated by org.testng.reporters.JUnitReportReporter -->
<testsuite hostname="LAPTOP-10U52Q9I" failures="0" tests="3" name="api.test.storeTest" time="4.349" errors="0" timestamp="2023-10-02T22:42:45 SGT" skipped="0">
  <testcase classname="api.test.storeTest" name="createorder" time="1.638"/>
  <testcase classname="api.test.storeTest" name="getorder" time="1.329"/>
  <testcase classname="api.test.storeTest" name="getorderInventory" time="1.382"/>
</testsuite> <!-- api.test.storeTest -->
