<?xml version="1.0" encoding="UTF-8"?>
<!-- Generated by org.testng.reporters.JUnitReportReporter -->
<testsuite hostname="LAPTOP-10U52Q9I" failures="0" tests="3" name="api.test.storeTest" time="3.199" errors="0" timestamp="2023-11-28T11:24:26 SGT" skipped="0">
  <testcase classname="api.test.storeTest" name="createorder" time="1.090"/>
  <testcase classname="api.test.storeTest" name="getorder" time="1.047"/>
  <testcase classname="api.test.storeTest" name="getorderInventory" time="1.062"/>
</testsuite> <!-- api.test.storeTest -->
