<?xml version="1.0" encoding="UTF-8"?>
<!-- Generated by org.testng.reporters.JUnitReportReporter -->
<testsuite hostname="LAPTOP-10U52Q9I" failures="0" tests="3" name="api.test.storeTest" time="4.243" errors="0" timestamp="2023-10-02T22:02:00 SGT" skipped="0">
  <testcase classname="api.test.storeTest" name="createorder" time="1.454"/>
  <testcase classname="api.test.storeTest" name="getorder" time="1.414"/>
  <testcase classname="api.test.storeTest" name="getorderInventory" time="1.375"/>
</testsuite> <!-- api.test.storeTest -->
