<?xml version="1.0" encoding="UTF-8"?>
<!-- Generated by org.testng.reporters.JUnitReportReporter -->
<testsuite hostname="LAPTOP-10U52Q9I" failures="0" tests="3" name="api.test.storeTest" time="4.381" errors="0" timestamp="2023-10-04T14:34:49 SGT" skipped="0">
  <testcase classname="api.test.storeTest" name="createorder" time="1.523"/>
  <testcase classname="api.test.storeTest" name="getorder" time="1.509"/>
  <testcase classname="api.test.storeTest" name="getorderInventory" time="1.349"/>
</testsuite> <!-- api.test.storeTest -->
