<?xml version="1.0" encoding="UTF-8"?>
<!-- Generated by org.testng.reporters.JUnitReportReporter -->
<testsuite hostname="LAPTOP-10U52Q9I" failures="0" tests="4" name="api.test.userTest" time="11.539" errors="0" timestamp="2023-11-28T11:24:26 SGT" skipped="0">
  <testcase classname="api.test.userTest" name="testPostUser" time="6.993"/>
  <testcase classname="api.test.userTest" name="testGetUser" time="1.237"/>
  <testcase classname="api.test.userTest" name="test_UpdateUser" time="2.276"/>
  <testcase classname="api.test.userTest" name="testDeleteUser" time="1.033"/>
</testsuite> <!-- api.test.userTest -->
