<?xml version="1.0" encoding="UTF-8"?>
<!-- Generated by org.testng.reporters.JUnitReportReporter -->
<testsuite hostname="LAPTOP-10U52Q9I" failures="0" tests="4" name="api.test.userTest" time="10.054" errors="0" timestamp="2023-09-24T15:36:24 SGT" skipped="0">
  <testcase classname="api.test.userTest" name="testPostUser" time="4.480"/>
  <testcase classname="api.test.userTest" name="testGetUser" time="1.448"/>
  <testcase classname="api.test.userTest" name="test_UpdateUser" time="2.832"/>
  <testcase classname="api.test.userTest" name="testDeleteUser" time="1.294"/>
</testsuite> <!-- api.test.userTest -->
