<?xml version="1.0" encoding="UTF-8"?>
<!-- Generated by org.testng.reporters.JUnitReportReporter -->
<testsuite hostname="LAPTOP-10U52Q9I" failures="0" tests="4" name="api.test.userTest" time="11.666" errors="0" timestamp="2023-10-02T22:02:00 SGT" skipped="0">
  <testcase classname="api.test.userTest" name="testPostUser" time="4.398"/>
  <testcase classname="api.test.userTest" name="testGetUser" time="1.501"/>
  <testcase classname="api.test.userTest" name="test_UpdateUser" time="4.360"/>
  <testcase classname="api.test.userTest" name="testDeleteUser" time="1.407"/>
</testsuite> <!-- api.test.userTest -->
