<?xml version="1.0" encoding="UTF-8"?>
<!-- Generated by org.testng.reporters.JUnitReportReporter -->
<testsuite hostname="LAPTOP-10U52Q9I" failures="0" tests="4" name="api.test.userTest" time="12.424" errors="0" timestamp="2023-10-04T14:34:49 SGT" skipped="0">
  <testcase classname="api.test.userTest" name="testPostUser" time="5.997"/>
  <testcase classname="api.test.userTest" name="testGetUser" time="1.475"/>
  <testcase classname="api.test.userTest" name="test_UpdateUser" time="2.875"/>
  <testcase classname="api.test.userTest" name="testDeleteUser" time="2.077"/>
</testsuite> <!-- api.test.userTest -->
